<?xml version="1.0" encoding="UTF-8"?>
<!-- Generated by org.testng.reporters.JUnitReportReporter -->
<testsuite skipped="0" hostname="welcome-PC" name="com.makemytrip.qa.testcases.LoginPageTest" tests="1" failures="0" timestamp="20 Jun 2019 04:20:49 GMT" time="177.052" errors="0">
  <testcase name="selectDestTest" time="177.052" classname="com.makemytrip.qa.testcases.LoginPageTest"/>
</testsuite> <!-- com.makemytrip.qa.testcases.LoginPageTest -->
